<?xml version="1.0" encoding="UTF-8"?>
<!-- Generated by org.testng.reporters.JUnitXMLReporter -->
<testsuite ignored="0" hostname="skhatri-mbp.local" failures="1" tests="3" name="Test" time="0.008" errors="0" timestamp="01 Jul 2021 15:14:51 GMT">
  <testcase classname="cribl.assignment.test.TargetFileValidationTests" name="verifyFileCount" time="0.001">
    <skipped/>
  </testcase> <!-- verifyFileCount -->
  <testcase classname="cribl.assignment.test.TargetFileValidationTests" name="verifyFileCount" time="0.0">
    <skipped/>
  </testcase> <!-- verifyFileCount -->
  <testcase classname="cribl.assignment.test.TargetFileValidationTests" name="verifyFileCount" time="0.001">
    <failure type="java.io.FileNotFoundException" message="file:/Users/skhatri/eclipse-workspace-new/cribl-assignment-test/build/libs/CriblAssignment.jar!/target_1-events.log (No such file or directory)">
      <![CDATA[java.io.FileNotFoundException: file:/Users/skhatri/eclipse-workspace-new/cribl-assignment-test/build/libs/CriblAssignment.jar!/target_1-events.log (No such file or directory)
at java.base/java.io.FileInputStream.open0(Native Method)
at java.base/java.io.FileInputStream.open(FileInputStream.java:219)
at java.base/java.io.FileInputStream.<init>(FileInputStream.java:157)
at cribl.assignment.test.TargetFileValidationTests.getFileCount(TargetFileValidationTests.java:67)
at cribl.assignment.test.TargetFileValidationTests.verifyFileCount(TargetFileValidationTests.java:55)
... Removed 24 stack frames]]>
    </failure>
  </testcase> <!-- verifyFileCount -->
</testsuite> <!-- Test -->
