<?xml version="1.0" encoding="UTF-8"?>
<!-- Generated by org.testng.reporters.JUnitXMLReporter -->
<testsuite ignored="0" hostname="skhatri-mbp.local" failures="0" tests="3" name="SystemTest" time="0.01" errors="0" timestamp="05 Jul 2021 23:32:13 GMT">
  <testcase classname="cribl.assignment.test.TargetFileValidationTests" name="@BeforeSuite verifyTargetFilePresent" time="0.009">
    <failure type="java.lang.NullPointerException">
      <![CDATA[java.lang.NullPointerException
at cribl.assignment.test.TargetFileValidationTests.verifyTargetFilePresent(TargetFileValidationTests.java:37)
... Removed 19 stack frames]]>
    </failure>
  </testcase> <!-- @BeforeSuite verifyTargetFilePresent -->
  <testcase classname="cribl.assignment.test.TargetFileValidationTests" name="verifyFileDataInputOutput" time="0.0">
    <skipped/>
  </testcase> <!-- verifyFileDataInputOutput -->
  <testcase classname="cribl.assignment.test.TargetFileValidationTests" name="verifyFileSplittingRangesTarget1" time="0.0">
    <skipped/>
  </testcase> <!-- verifyFileSplittingRangesTarget1 -->
  <testcase classname="cribl.assignment.test.TargetFileValidationTests" name="verifyTotalFileCount" time="0.0">
    <skipped/>
  </testcase> <!-- verifyTotalFileCount -->
</testsuite> <!-- SystemTest -->
