<?xml version="1.0" encoding="UTF-8"?>
<!-- Generated by org.testng.reporters.JUnitXMLReporter -->
<testsuite ignored="0" hostname="automatedtests" failures="1" tests="5" name="SystemTest" time="0.737" errors="0" timestamp="06 Jul 2021 06:19:11 GMT">
  <testcase classname="cribl.assignment.test.TargetFileValidationTests" name="verifyTotalFileCount" time="0.061"/>
  <testcase classname="cribl.assignment.test.TargetFileValidationTests" name="verifyFileSplittingRangesTargets" time="0.039"/>
  <testcase classname="cribl.assignment.test.TargetFileValidationTests" name="verifyFileDataInputOutput" time="0.237">
    <skipped/>
  </testcase> <!-- verifyFileDataInputOutput -->
  <testcase classname="cribl.assignment.test.TargetFileValidationTests" name="verifyFileDataInputOutput" time="0.192">
    <skipped/>
  </testcase> <!-- verifyFileDataInputOutput -->
  <testcase classname="cribl.assignment.test.TargetFileValidationTests" name="verifyFileDataInputOutput" time="0.176">
    <failure type="java.lang.AssertionError" message="expected [true] but found [false]">
      <![CDATA[java.lang.AssertionError: expected [true] but found [false]
at cribl.assignment.test.TargetFileValidationTests.verifyFileDataInputOutput(TargetFileValidationTests.java:82)
... Removed 28 stack frames]]>
    </failure>
  </testcase> <!-- verifyFileDataInputOutput -->
</testsuite> <!-- SystemTest -->
